Determining if the C compiler works failed with the following output:
Change Dir: C:/Users/Unal/Desktop/OOP-19/Ornekler/Ünal_ZURNALI/fonksiyon_calisma_hızı_ciftmi_tekmi(chrono)/cmake-build-debug/CMakeFiles/CMakeTmp

Run Build Command(s):C:/PROGRA~2/MINGW-~1/I686-8~1.0-P/mingw32/bin/mingw32-make.exe cmTC_a46ec/fast && C:/PROGRA~2/MINGW-~1/I686-8~1.0-P/mingw32/bin/mingw32-make.exe -f CMakeFiles\cmTC_a46ec.dir\build.make CMakeFiles/cmTC_a46ec.dir/build
mingw32-make.exe[1]: Entering directory 'C:/Users/Unal/Desktop/OOP-19/Ornekler/▄nal_ZURNALI/fonksiyon_calisma_h²z²_ciftmi_tekmi(chrono)/cmake-build-debug/CMakeFiles/CMakeTmp'
Building C object CMakeFiles/cmTC_a46ec.dir/testCCompiler.c.obj
C:\PROGRA~2\MINGW-~1\I686-8~1.0-P\mingw32\bin\gcc.exe    -o CMakeFiles\cmTC_a46ec.dir\testCCompiler.c.obj   -c C:\Users\Unal\Desktop\OOP-19\Ornekler\├£nal_ZURNALI\fonksiyon_calisma_h─▒z─▒_ciftmi_tekmi(chrono)\cmake-build-debug\CMakeFiles\CMakeTmp\testCCompiler.c
gcc.exe: error: C:\Users\Unal\Desktop\OOP-19\Ornekler\├£nal_ZURNALI\fonksiyon_calisma_h─▒z─▒_ciftmi_tekmi(chrono)\cmake-build-debug\CMakeFiles\CMakeTmp\testCCompiler.c: No such file or directory
gcc.exe: fatal error: no input files
compilation terminated.
mingw32-make.exe[1]: *** [CMakeFiles\cmTC_a46ec.dir\build.make:65: CMakeFiles/cmTC_a46ec.dir/testCCompiler.c.obj] Error 1
mingw32-make.exe[1]: Leaving directory 'C:/Users/Unal/Desktop/OOP-19/Ornekler/▄nal_ZURNALI/fonksiyon_calisma_h²z²_ciftmi_tekmi(chrono)/cmake-build-debug/CMakeFiles/CMakeTmp'
mingw32-make.exe: *** [Makefile:120: cmTC_a46ec/fast] Error 2



